  GraphAlgorithms1.c
c:\2020_c\datastructure\kocw_graphalgorithms_part1\graphalgorithms1.c(39): error C2143: syntax error: missing ';' before '}'
c:\2020_c\datastructure\kocw_graphalgorithms_part1\graphalgorithms1.c(48): warning C4033: 'adjMatrixOfGraph' must return a value
c:\2020_c\datastructure\kocw_graphalgorithms_part1\graphalgorithms1.c(50): error C4996: 'scanf': This function or variable may be unsafe. Consider using scanf_s instead. To disable deprecation, use _CRT_SECURE_NO_WARNINGS. See online help for details.
  c:\program files (x86)\windows kits\10\include\10.0.10240.0\ucrt\stdio.h(1270): note: see declaration of 'scanf'
c:\2020_c\datastructure\kocw_graphalgorithms_part1\graphalgorithms1.c(61): error C4996: 'scanf': This function or variable may be unsafe. Consider using scanf_s instead. To disable deprecation, use _CRT_SECURE_NO_WARNINGS. See online help for details.
  c:\program files (x86)\windows kits\10\include\10.0.10240.0\ucrt\stdio.h(1270): note: see declaration of 'scanf'
c:\2020_c\datastructure\kocw_graphalgorithms_part1\graphalgorithms1.c(96): error C2011: 'Graph': 'struct' type redefinition
  c:\2020_c\datastructure\kocw_graphalgorithms_part1\graphalgorithms1.c(35): note: see declaration of 'Graph'
c:\2020_c\datastructure\kocw_graphalgorithms_part1\graphalgorithms1.c(108): warning C4033: 'adjListOfGraph' must return a value
c:\2020_c\datastructure\kocw_graphalgorithms_part1\graphalgorithms1.c(113): error C2027: use of undefined type 'ListNode'
  c:\2020_c\datastructure\kocw_graphalgorithms_part1\graphalgorithms1.c(104): note: see declaration of 'ListNode'
c:\2020_c\datastructure\kocw_graphalgorithms_part1\graphalgorithms1.c(113): warning C4133: '=': incompatible types - from 'ListNode *' to 'int *'
c:\2020_c\datastructure\kocw_graphalgorithms_part1\graphalgorithms1.c(114): error C2223: left of '->vertexNumber' must point to struct/union
c:\2020_c\datastructure\kocw_graphalgorithms_part1\graphalgorithms1.c(115): error C2223: left of '->next' must point to struct/union
c:\2020_c\datastructure\kocw_graphalgorithms_part1\graphalgorithms1.c(119): error C2027: use of undefined type 'ListNode'
  c:\2020_c\datastructure\kocw_graphalgorithms_part1\graphalgorithms1.c(104): note: see declaration of 'ListNode'
c:\2020_c\datastructure\kocw_graphalgorithms_part1\graphalgorithms1.c(120): error C2037: left of 'vertexNumber' specifies undefined struct/union 'ListNode'
c:\2020_c\datastructure\kocw_graphalgorithms_part1\graphalgorithms1.c(121): error C2037: left of 'next' specifies undefined struct/union 'ListNode'
c:\2020_c\datastructure\kocw_graphalgorithms_part1\graphalgorithms1.c(121): error C2223: left of '->next' must point to struct/union
c:\2020_c\datastructure\kocw_graphalgorithms_part1\graphalgorithms1.c(122): error C2223: left of '->next' must point to struct/union
c:\2020_c\datastructure\kocw_graphalgorithms_part1\graphalgorithms1.c(123): error C2143: syntax error: missing ')' before 'type'
c:\2020_c\datastructure\kocw_graphalgorithms_part1\graphalgorithms1.c(123): fatal error C1903: unable to recover from previous error(s); stopping compilation
  INTERNAL COMPILER ERROR in 'C:\Program Files (x86)\Microsoft Visual Studio 14.0\VC\bin\CL.exe'
      Please choose the Technical Support command on the Visual C++
      Help menu, or open the Technical Support help file for more information
